<?xml version="1.0" encoding="UTF-8"?>
<!-- Generated by org.testng.reporters.JUnitReportReporter -->
<testsuite skipped="1" hostname="User-PC" name="com.orangehrm.test.LoginTest" tests="1" failures="0" timestamp="11 Oct 2019 09:46:45 GMT" time="0.000" errors="0">
  <testcase name="verifyLoginSuccessfull" time="0.000" classname="com.orangehrm.test.LoginTest">
    <skipped/>
  </testcase> <!-- verifyLoginSuccessfull -->
</testsuite> <!-- com.orangehrm.test.LoginTest -->
