<?xml version="1.0" encoding="UTF-8"?>
<!-- Generated by org.testng.reporters.JUnitReportReporter -->
<testsuite skipped="0" hostname="User-PC" name="com.orangehrm.test.LoginTest" tests="1" failures="0" timestamp="17 Oct 2019 07:58:57 GMT" time="14.185" errors="0">
  <testcase name="testLoginn" time="14.185" classname="com.orangehrm.test.LoginTest"/>
</testsuite> <!-- com.orangehrm.test.LoginTest -->
